[2025-05-12 08:51:29Z INFO HostContext] No proxy settings were found based on environmental variables (http_proxy/https_proxy/HTTP_PROXY/HTTPS_PROXY)
[2025-05-12 08:51:29Z INFO HostContext] Well known directory 'Bin': 'C:\Users\legen\OneDrive\Dokumenti\GitHub\Triad-of-Redemption\actions-runner\bin'
[2025-05-12 08:51:29Z INFO HostContext] Well known directory 'Root': 'C:\Users\legen\OneDrive\Dokumenti\GitHub\Triad-of-Redemption\actions-runner'
[2025-05-12 08:51:29Z INFO HostContext] Well known config file 'Credentials': 'C:\Users\legen\OneDrive\Dokumenti\GitHub\Triad-of-Redemption\actions-runner\.credentials'
[2025-05-12 08:51:29Z INFO HostContext] Well known directory 'Bin': 'C:\Users\legen\OneDrive\Dokumenti\GitHub\Triad-of-Redemption\actions-runner\bin'
[2025-05-12 08:51:29Z INFO HostContext] Well known directory 'Root': 'C:\Users\legen\OneDrive\Dokumenti\GitHub\Triad-of-Redemption\actions-runner'
[2025-05-12 08:51:29Z INFO HostContext] Well known config file 'Runner': 'C:\Users\legen\OneDrive\Dokumenti\GitHub\Triad-of-Redemption\actions-runner\.runner'
[2025-05-12 08:51:29Z INFO Listener] Runner is built for Windows (X64) - win-x64.
[2025-05-12 08:51:29Z INFO Listener] RuntimeInformation: Microsoft Windows 10.0.22631.
[2025-05-12 08:51:29Z INFO Listener] Version: 2.323.0
[2025-05-12 08:51:29Z INFO Listener] Commit: d8b82f44a9ec0258904d5869ae683c31d5aac299
[2025-05-12 08:51:29Z INFO Listener] Culture: en-GB
[2025-05-12 08:51:29Z INFO Listener] UI Culture: en-GB
[2025-05-12 08:51:29Z INFO HostContext] Well known directory 'Bin': 'C:\Users\legen\OneDrive\Dokumenti\GitHub\Triad-of-Redemption\actions-runner\bin'
[2025-05-12 08:51:29Z INFO HostContext] Well known directory 'Root': 'C:\Users\legen\OneDrive\Dokumenti\GitHub\Triad-of-Redemption\actions-runner'
[2025-05-12 08:51:29Z INFO Listener] Validating directory permissions for: 'C:\Users\legen\OneDrive\Dokumenti\GitHub\Triad-of-Redemption\actions-runner'
[2025-05-12 08:51:29Z INFO CommandLineParser] Parse
[2025-05-12 08:51:29Z INFO CommandLineParser] Parsing 1 args
[2025-05-12 08:51:29Z INFO CommandLineParser] parsing argument
[2025-05-12 08:51:29Z INFO CommandLineParser] HasArgs: False
[2025-05-12 08:51:29Z INFO CommandLineParser] Adding Command: run
[2025-05-12 08:51:29Z INFO Listener] Arguments parsed
[2025-05-12 08:51:29Z INFO Runner] ExecuteCommand
[2025-05-12 08:51:29Z INFO ConfigurationStore] currentAssemblyLocation: C:\Users\legen\OneDrive\Dokumenti\GitHub\Triad-of-Redemption\actions-runner\bin\Runner.Listener.dll
[2025-05-12 08:51:29Z INFO HostContext] Well known directory 'Bin': 'C:\Users\legen\OneDrive\Dokumenti\GitHub\Triad-of-Redemption\actions-runner\bin'
[2025-05-12 08:51:29Z INFO ConfigurationStore] binPath: C:\Users\legen\OneDrive\Dokumenti\GitHub\Triad-of-Redemption\actions-runner\bin
[2025-05-12 08:51:29Z INFO HostContext] Well known directory 'Bin': 'C:\Users\legen\OneDrive\Dokumenti\GitHub\Triad-of-Redemption\actions-runner\bin'
[2025-05-12 08:51:29Z INFO HostContext] Well known directory 'Root': 'C:\Users\legen\OneDrive\Dokumenti\GitHub\Triad-of-Redemption\actions-runner'
[2025-05-12 08:51:29Z INFO ConfigurationStore] RootFolder: C:\Users\legen\OneDrive\Dokumenti\GitHub\Triad-of-Redemption\actions-runner
[2025-05-12 08:51:29Z INFO HostContext] Well known directory 'Bin': 'C:\Users\legen\OneDrive\Dokumenti\GitHub\Triad-of-Redemption\actions-runner\bin'
[2025-05-12 08:51:29Z INFO HostContext] Well known directory 'Root': 'C:\Users\legen\OneDrive\Dokumenti\GitHub\Triad-of-Redemption\actions-runner'
[2025-05-12 08:51:29Z INFO HostContext] Well known config file 'Runner': 'C:\Users\legen\OneDrive\Dokumenti\GitHub\Triad-of-Redemption\actions-runner\.runner'
[2025-05-12 08:51:29Z INFO ConfigurationStore] ConfigFilePath: C:\Users\legen\OneDrive\Dokumenti\GitHub\Triad-of-Redemption\actions-runner\.runner
[2025-05-12 08:51:29Z INFO HostContext] Well known directory 'Bin': 'C:\Users\legen\OneDrive\Dokumenti\GitHub\Triad-of-Redemption\actions-runner\bin'
[2025-05-12 08:51:29Z INFO HostContext] Well known directory 'Root': 'C:\Users\legen\OneDrive\Dokumenti\GitHub\Triad-of-Redemption\actions-runner'
[2025-05-12 08:51:29Z INFO HostContext] Well known config file 'MigratedRunner': 'C:\Users\legen\OneDrive\Dokumenti\GitHub\Triad-of-Redemption\actions-runner\.runner_migrated'
[2025-05-12 08:51:29Z INFO ConfigurationStore] MigratedConfigFilePath: C:\Users\legen\OneDrive\Dokumenti\GitHub\Triad-of-Redemption\actions-runner\.runner_migrated
[2025-05-12 08:51:29Z INFO HostContext] Well known directory 'Bin': 'C:\Users\legen\OneDrive\Dokumenti\GitHub\Triad-of-Redemption\actions-runner\bin'
[2025-05-12 08:51:29Z INFO HostContext] Well known directory 'Root': 'C:\Users\legen\OneDrive\Dokumenti\GitHub\Triad-of-Redemption\actions-runner'
[2025-05-12 08:51:29Z INFO HostContext] Well known config file 'Credentials': 'C:\Users\legen\OneDrive\Dokumenti\GitHub\Triad-of-Redemption\actions-runner\.credentials'
[2025-05-12 08:51:29Z INFO ConfigurationStore] CredFilePath: C:\Users\legen\OneDrive\Dokumenti\GitHub\Triad-of-Redemption\actions-runner\.credentials
[2025-05-12 08:51:29Z INFO HostContext] Well known directory 'Bin': 'C:\Users\legen\OneDrive\Dokumenti\GitHub\Triad-of-Redemption\actions-runner\bin'
[2025-05-12 08:51:29Z INFO HostContext] Well known directory 'Root': 'C:\Users\legen\OneDrive\Dokumenti\GitHub\Triad-of-Redemption\actions-runner'
[2025-05-12 08:51:29Z INFO HostContext] Well known config file 'MigratedCredentials': 'C:\Users\legen\OneDrive\Dokumenti\GitHub\Triad-of-Redemption\actions-runner\.credentials_migrated'
[2025-05-12 08:51:29Z INFO ConfigurationStore] MigratedCredFilePath: C:\Users\legen\OneDrive\Dokumenti\GitHub\Triad-of-Redemption\actions-runner\.credentials_migrated
[2025-05-12 08:51:29Z INFO HostContext] Well known directory 'Bin': 'C:\Users\legen\OneDrive\Dokumenti\GitHub\Triad-of-Redemption\actions-runner\bin'
[2025-05-12 08:51:29Z INFO HostContext] Well known directory 'Root': 'C:\Users\legen\OneDrive\Dokumenti\GitHub\Triad-of-Redemption\actions-runner'
[2025-05-12 08:51:29Z INFO HostContext] Well known config file 'Service': 'C:\Users\legen\OneDrive\Dokumenti\GitHub\Triad-of-Redemption\actions-runner\.service'
[2025-05-12 08:51:29Z INFO ConfigurationStore] ServiceConfigFilePath: C:\Users\legen\OneDrive\Dokumenti\GitHub\Triad-of-Redemption\actions-runner\.service
[2025-05-12 08:51:29Z INFO CommandSettings] Flag 'help': 'False'
[2025-05-12 08:51:29Z INFO CommandSettings] Flag 'version': 'False'
[2025-05-12 08:51:29Z INFO CommandSettings] Flag 'commit': 'False'
[2025-05-12 08:51:29Z INFO CommandSettings] Flag 'check': 'False'
[2025-05-12 08:51:29Z INFO CommandSettings] Command 'configure': 'False'
[2025-05-12 08:51:29Z INFO CommandSettings] Command 'remove': 'False'
[2025-05-12 08:51:29Z INFO CommandSettings] Command 'warmup': 'False'
[2025-05-12 08:51:29Z INFO ConfigurationManager] LoadSettings
[2025-05-12 08:51:29Z INFO ConfigurationStore] IsConfigured()
[2025-05-12 08:51:29Z INFO ConfigurationStore] IsConfigured: False
[2025-05-12 08:51:29Z INFO ConfigurationManager] Is configured: False
[2025-05-12 08:51:29Z ERR  Terminal] WRITE ERROR: An error occurred: Not configured. Run config.(sh/cmd) to configure the runner.
[2025-05-12 08:51:29Z ERR  Listener] GitHub.Runner.Common.NonRetryableException: Not configured. Run config.(sh/cmd) to configure the runner.
   at GitHub.Runner.Listener.Configuration.ConfigurationManager.LoadSettings()
   at GitHub.Runner.Listener.Runner.ExecuteCommand(CommandSettings command)
   at GitHub.Runner.Listener.Program.MainAsync(IHostContext context, String[] args)
